# JRE version: OpenJDK Runtime Environment (11.0.8+10) (build 11.0.8+10-b944.6842174)
# Java VM: OpenJDK 64-Bit Server VM (11.0.8+10-b944.6842174, mixed mode, tiered, compressed oops, g1 gc, windows-amd64)
Heap:
 garbage-first heap   total 575488K, used 207718K [0x0000000080000000, 0x0000000100000000)
  region size 1024K, 2 young (2048K), 2 survivors (2048K)
 Metaspace       used 119837K, capacity 122874K, committed 122960K, reserved 1157120K
  class space    used 15083K, capacity 16225K, committed 16256K, reserved 1048576K
GC Heap History (20 events):
Event: 429.665 GC heap after
{Heap after GC invocations=140 (full 0):
 garbage-first heap   total 226304K, used 158118K [0x0000000080000000, 0x0000000100000000)
  region size 1024K, 3 young (3072K), 3 survivors (3072K)
 Metaspace       used 113475K, capacity 116273K, committed 116432K, reserved 1150976K
  class space    used 14548K, capacity 15580K, committed 15616K, reserved 1048576K
}
Event: 430.070 GC heap before
{Heap before GC invocations=140 (full 0):
 garbage-first heap   total 226304K, used 168358K [0x0000000080000000, 0x0000000100000000)
  region size 1024K, 11 young (11264K), 3 survivors (3072K)
 Metaspace       used 113476K, capacity 116273K, committed 116432K, reserved 1150976K
  class space    used 14548K, capacity 15580K, committed 15616K, reserved 1048576K
}
Event: 430.110 GC heap after
{Heap after GC invocations=141 (full 0):
 garbage-first heap   total 226304K, used 164270K [0x0000000080000000, 0x0000000100000000)
  region size 1024K, 2 young (2048K), 2 survivors (2048K)
 Metaspace       used 113476K, capacity 116273K, committed 116432K, reserved 1150976K
  class space    used 14548K, capacity 15580K, committed 15616K, reserved 1048576K
}
Event: 430.690 GC heap before
{Heap before GC invocations=141 (full 0):
 garbage-first heap   total 226304K, used 179630K [0x0000000080000000, 0x0000000100000000)
  region size 1024K, 17 young (17408K), 2 survivors (2048K)
 Metaspace       used 113532K, capacity 116347K, committed 116432K, reserved 1150976K
  class space    used 14550K, capacity 15582K, committed 15616K, reserved 1048576K
}
Event: 430.727 GC heap after
{Heap after GC invocations=142 (full 0):
 garbage-first heap   total 226304K, used 169984K [0x0000000080000000, 0x0000000100000000)
  region size 1024K, 3 young (3072K), 3 survivors (3072K)
 Metaspace       used 113532K, capacity 116347K, committed 116432K, reserved 1150976K
  class space    used 14550K, capacity 15582K, committed 15616K, reserved 1048576K
}
Event: 431.949 GC heap before
{Heap before GC invocations=142 (full 0):
 garbage-first heap   total 226304K, used 175104K [0x0000000080000000, 0x0000000100000000)
  region size 1024K, 16 young (16384K), 3 survivors (3072K)
 Metaspace       used 113590K, capacity 116414K, committed 116688K, reserved 1150976K
  class space    used 14550K, capacity 15582K, committed 15616K, reserved 1048576K
}
Event: 432.024 GC heap after
{Heap after GC invocations=143 (full 0):
 garbage-first heap   total 433152K, used 165332K [0x0000000080000000, 0x0000000100000000)
  region size 1024K, 2 young (2048K), 2 survivors (2048K)
 Metaspace       used 113590K, capacity 116414K, committed 116688K, reserved 1150976K
  class space    used 14550K, capacity 15582K, committed 15616K, reserved 1048576K
}
Event: 434.950 GC heap before
{Heap before GC invocations=144 (full 0):
 garbage-first heap   total 433152K, used 204244K [0x0000000080000000, 0x0000000100000000)
  region size 1024K, 33 young (33792K), 2 survivors (2048K)
 Metaspace       used 113652K, capacity 116482K, committed 116688K, reserved 1150976K
  class space    used 14550K, capacity 15582K, committed 15616K, reserved 1048576K
}
Event: 435.023 GC heap after
{Heap after GC invocations=145 (full 0):
 garbage-first heap   total 433152K, used 181248K [0x0000000080000000, 0x0000000100000000)
  region size 1024K, 5 young (5120K), 5 survivors (5120K)
 Metaspace       used 113652K, capacity 116482K, committed 116688K, reserved 1150976K
  class space    used 14550K, capacity 15582K, committed 15616K, reserved 1048576K
}
Event: 436.411 GC heap before
{Heap before GC invocations=145 (full 0):
 garbage-first heap   total 433152K, used 188416K [0x0000000080000000, 0x0000000100000000)
  region size 1024K, 11 young (11264K), 5 survivors (5120K)
 Metaspace       used 113657K, capacity 116482K, committed 116688K, reserved 1150976K
  class space    used 14550K, capacity 15582K, committed 15616K, reserved 1048576K
}
Event: 436.436 GC heap after
{Heap after GC invocations=146 (full 0):
 garbage-first heap   total 433152K, used 187468K [0x0000000080000000, 0x0000000100000000)
  region size 1024K, 3 young (3072K), 3 survivors (3072K)
 Metaspace       used 113657K, capacity 116482K, committed 116688K, reserved 1150976K
  class space    used 14550K, capacity 15582K, committed 15616K, reserved 1048576K
}
Event: 438.428 GC heap before
{Heap before GC invocations=147 (full 0):
 garbage-first heap   total 433152K, used 246860K [0x0000000080000000, 0x0000000100000000)
  region size 1024K, 54 young (55296K), 3 survivors (3072K)
 Metaspace       used 113696K, capacity 116489K, committed 116688K, reserved 1150976K
  class space    used 14550K, capacity 15582K, committed 15616K, reserved 1048576K
}
Event: 438.454 GC heap after
{Heap after GC invocations=148 (full 0):
 garbage-first heap   total 433152K, used 200523K [0x0000000080000000, 0x0000000100000000)
  region size 1024K, 7 young (7168K), 7 survivors (7168K)
 Metaspace       used 113696K, capacity 116489K, committed 116688K, reserved 1150976K
  class space    used 14550K, capacity 15582K, committed 15616K, reserved 1048576K
}
Event: 438.686 GC heap before
{Heap before GC invocations=148 (full 0):
 garbage-first heap   total 433152K, used 215883K [0x0000000080000000, 0x0000000100000000)
  region size 1024K, 21 young (21504K), 7 survivors (7168K)
 Metaspace       used 113696K, capacity 116489K, committed 116688K, reserved 1150976K
  class space    used 14550K, capacity 15582K, committed 15616K, reserved 1048576K
}
Event: 438.732 GC heap after
{Heap after GC invocations=149 (full 0):
 garbage-first heap   total 433152K, used 199442K [0x0000000080000000, 0x0000000100000000)
  region size 1024K, 3 young (3072K), 3 survivors (3072K)
 Metaspace       used 113696K, capacity 116489K, committed 116688K, reserved 1150976K
  class space    used 14550K, capacity 15582K, committed 15616K, reserved 1048576K
}
Event: 457.222 GC heap before
{Heap before GC invocations=149 (full 0):
 garbage-first heap   total 433152K, used 310034K [0x0000000080000000, 0x0000000100000000)
  region size 1024K, 79 young (80896K), 3 survivors (3072K)
 Metaspace       used 116575K, capacity 119505K, committed 119632K, reserved 1153024K
  class space    used 14893K, capacity 15989K, committed 16000K, reserved 1048576K
}
Event: 457.247 GC heap after
{Heap after GC invocations=150 (full 0):
 garbage-first heap   total 433152K, used 201699K [0x0000000080000000, 0x0000000100000000)
  region size 1024K, 6 young (6144K), 6 survivors (6144K)
 Metaspace       used 116575K, capacity 119505K, committed 119632K, reserved 1153024K
  class space    used 14893K, capacity 15989K, committed 16000K, reserved 1048576K
}
Event: 1023.067 GC heap before
{Heap before GC invocations=150 (full 0):
 garbage-first heap   total 433152K, used 295907K [0x0000000080000000, 0x0000000100000000)
  region size 1024K, 98 young (100352K), 6 survivors (6144K)
 Metaspace       used 119828K, capacity 122809K, committed 122960K, reserved 1157120K
  class space    used 15083K, capacity 16225K, committed 16256K, reserved 1048576K
}
Event: 1025.533 GC heap after
{Heap after GC invocations=151 (full 0):
 garbage-first heap   total 433152K, used 206966K [0x0000000080000000, 0x0000000100000000)
  region size 1024K, 11 young (11264K), 11 survivors (11264K)
 Metaspace       used 119828K, capacity 122809K, committed 122960K, reserved 1157120K
  class space    used 15083K, capacity 16225K, committed 16256K, reserved 1048576K
}
Event: 1028.022 GC heap before
{Heap before GC invocations=151 (full 0):
 garbage-first heap   total 433152K, used 216182K [0x0000000080000000, 0x0000000100000000)
  region size 1024K, 21 young (21504K), 11 survivors (11264K)
 Metaspace       used 119837K, capacity 122874K, committed 122960K, reserved 1157120K
  class space    used 15083K, capacity 16225K, committed 16256K, reserved 1048576K
}

